{"/home/timegorov/codefellows/code401/caps/events.js": {"path":"/home/timegorov/codefellows/code401/caps/events.js","statementMap":{"0":{"start":{"line":3,"column":15},"end":{"line":3,"column":32}},"1":{"start":{"line":4,"column":21},"end":{"line":4,"column":33}},"2":{"start":{"line":6,"column":0},"end":{"line":6,"column":30}}},"fnMap":{},"branchMap":{},"s":{"0":1,"1":1,"2":1},"f":{},"b":{},"_coverageSchema":"1a1c01bbd47fc00a2c39e90264f33305004495a9","hash":"73217a921d351f08b80a7e49604b2d04ec906168"}
,"/home/timegorov/codefellows/code401/caps/driver/index.js": {"path":"/home/timegorov/codefellows/code401/caps/driver/index.js","statementMap":{"0":{"start":{"line":4,"column":11},"end":{"line":4,"column":38}},"1":{"start":{"line":5,"column":12},"end":{"line":5,"column":39}},"2":{"start":{"line":6,"column":15},"end":{"line":6,"column":30}},"3":{"start":{"line":9,"column":0},"end":{"line":9,"column":22}},"4":{"start":{"line":12,"column":0},"end":{"line":34,"column":3}},"5":{"start":{"line":15,"column":2},"end":{"line":23,"column":11}},"6":{"start":{"line":20,"column":4},"end":{"line":20,"column":67}},"7":{"start":{"line":21,"column":4},"end":{"line":21,"column":39}},"8":{"start":{"line":27,"column":2},"end":{"line":32,"column":11}},"9":{"start":{"line":30,"column":4},"end":{"line":30,"column":67}},"10":{"start":{"line":31,"column":4},"end":{"line":31,"column":38}}},"fnMap":{"0":{"name":"(anonymous_0)","decl":{"start":{"line":12,"column":21},"end":{"line":12,"column":22}},"loc":{"start":{"line":12,"column":34},"end":{"line":34,"column":1}},"line":12},"1":{"name":"(anonymous_1)","decl":{"start":{"line":15,"column":13},"end":{"line":15,"column":14}},"loc":{"start":{"line":15,"column":19},"end":{"line":23,"column":3}},"line":15},"2":{"name":"(anonymous_2)","decl":{"start":{"line":27,"column":13},"end":{"line":27,"column":14}},"loc":{"start":{"line":27,"column":19},"end":{"line":32,"column":3}},"line":27}},"branchMap":{},"s":{"0":1,"1":1,"2":1,"3":1,"4":1,"5":0,"6":0,"7":0,"8":0,"9":0,"10":0},"f":{"0":0,"1":0,"2":0},"b":{},"_coverageSchema":"1a1c01bbd47fc00a2c39e90264f33305004495a9","hash":"665a91d01d8c34b2cd731704151f9a823e36c60f"}
,"/home/timegorov/codefellows/code401/caps/vendor/index.js": {"path":"/home/timegorov/codefellows/code401/caps/vendor/index.js","statementMap":{"0":{"start":{"line":4,"column":0},"end":{"line":4,"column":26}},"1":{"start":{"line":5,"column":11},"end":{"line":5,"column":38}},"2":{"start":{"line":6,"column":12},"end":{"line":6,"column":39}},"3":{"start":{"line":7,"column":15},"end":{"line":7,"column":30}},"4":{"start":{"line":9,"column":18},"end":{"line":9,"column":39}},"5":{"start":{"line":10,"column":23},"end":{"line":10,"column":49}},"6":{"start":{"line":12,"column":14},"end":{"line":12,"column":30}},"7":{"start":{"line":19,"column":4},"end":{"line":19,"column":20}},"8":{"start":{"line":23,"column":19},"end":{"line":29,"column":5}},"9":{"start":{"line":30,"column":4},"end":{"line":30,"column":30}},"10":{"start":{"line":31,"column":4},"end":{"line":31,"column":20}},"11":{"start":{"line":35,"column":4},"end":{"line":35,"column":28}},"12":{"start":{"line":36,"column":19},"end":{"line":41,"column":5}},"13":{"start":{"line":42,"column":4},"end":{"line":42,"column":30}},"14":{"start":{"line":43,"column":4},"end":{"line":43,"column":20}},"15":{"start":{"line":48,"column":14},"end":{"line":48,"column":26}},"16":{"start":{"line":51,"column":0},"end":{"line":53,"column":3}},"17":{"start":{"line":52,"column":2},"end":{"line":52,"column":83}},"18":{"start":{"line":57,"column":0},"end":{"line":59,"column":9}},"19":{"start":{"line":58,"column":2},"end":{"line":58,"column":54}},"20":{"start":{"line":62,"column":0},"end":{"line":64,"column":9}},"21":{"start":{"line":63,"column":2},"end":{"line":63,"column":59}}},"fnMap":{"0":{"name":"(anonymous_0)","decl":{"start":{"line":18,"column":2},"end":{"line":18,"column":3}},"loc":{"start":{"line":18,"column":16},"end":{"line":20,"column":3}},"line":18},"1":{"name":"(anonymous_1)","decl":{"start":{"line":22,"column":2},"end":{"line":22,"column":3}},"loc":{"start":{"line":22,"column":11},"end":{"line":32,"column":3}},"line":22},"2":{"name":"(anonymous_2)","decl":{"start":{"line":34,"column":2},"end":{"line":34,"column":3}},"loc":{"start":{"line":34,"column":16},"end":{"line":44,"column":3}},"line":34},"3":{"name":"(anonymous_3)","decl":{"start":{"line":51,"column":23},"end":{"line":51,"column":24}},"loc":{"start":{"line":51,"column":36},"end":{"line":53,"column":1}},"line":51},"4":{"name":"(anonymous_4)","decl":{"start":{"line":57,"column":12},"end":{"line":57,"column":13}},"loc":{"start":{"line":57,"column":18},"end":{"line":59,"column":1}},"line":57},"5":{"name":"(anonymous_5)","decl":{"start":{"line":62,"column":12},"end":{"line":62,"column":13}},"loc":{"start":{"line":62,"column":18},"end":{"line":64,"column":1}},"line":62}},"branchMap":{},"s":{"0":1,"1":1,"2":1,"3":1,"4":1,"5":1,"6":1,"7":1,"8":0,"9":0,"10":0,"11":0,"12":0,"13":0,"14":0,"15":1,"16":1,"17":0,"18":1,"19":0,"20":1,"21":0},"f":{"0":1,"1":0,"2":0,"3":0,"4":0,"5":0},"b":{},"_coverageSchema":"1a1c01bbd47fc00a2c39e90264f33305004495a9","hash":"3a5ef38a26414700e048add2db338594ebbf2fcf"}
}
