TN:
SF:events.js
FNF:0
FNH:0
DA:3,1
DA:4,1
DA:6,1
LF:3
LH:3
BRF:0
BRH:0
end_of_record
TN:
SF:driver/index.js
FN:12,(anonymous_0)
FN:15,(anonymous_1)
FN:27,(anonymous_2)
FNF:3
FNH:0
FNDA:0,(anonymous_0)
FNDA:0,(anonymous_1)
FNDA:0,(anonymous_2)
DA:4,1
DA:5,1
DA:6,1
DA:9,1
DA:12,1
DA:15,0
DA:20,0
DA:21,0
DA:27,0
DA:30,0
DA:31,0
LF:11
LH:5
BRF:0
BRH:0
end_of_record
TN:
SF:vendor/index.js
FN:18,(anonymous_0)
FN:22,(anonymous_1)
FN:34,(anonymous_2)
FN:51,(anonymous_3)
FN:57,(anonymous_4)
FN:62,(anonymous_5)
FNF:6
FNH:1
FNDA:1,(anonymous_0)
FNDA:0,(anonymous_1)
FNDA:0,(anonymous_2)
FNDA:0,(anonymous_3)
FNDA:0,(anonymous_4)
FNDA:0,(anonymous_5)
DA:4,1
DA:5,1
DA:6,1
DA:7,1
DA:9,1
DA:10,1
DA:12,1
DA:19,1
DA:23,0
DA:30,0
DA:31,0
DA:35,0
DA:36,0
DA:42,0
DA:43,0
DA:48,1
DA:51,1
DA:52,0
DA:57,1
DA:58,0
DA:62,1
DA:63,0
LF:22
LH:12
BRF:0
BRH:0
end_of_record
