TN:
SF:events.js
FNF:0
FNH:0
DA:3,1
DA:4,1
DA:6,1
LF:3
LH:3
BRF:0
BRH:0
end_of_record
TN:
SF:driver/driver.js
FN:7,pickedUp
FN:8,(anonymous_1)
FN:23,inTransit
FN:24,(anonymous_3)
FNF:4
FNH:2
FNDA:1,pickedUp
FNDA:0,(anonymous_1)
FNDA:1,inTransit
FNDA:0,(anonymous_3)
DA:3,1
DA:8,1
DA:10,0
DA:13,0
DA:14,0
DA:15,0
DA:17,0
DA:24,1
DA:26,0
DA:27,0
DA:28,0
DA:29,0
DA:31,0
DA:37,1
LF:14
LH:4
BRF:0
BRH:0
end_of_record
TN:
SF:vendor/vendor.js
FN:9,(anonymous_0)
FN:13,(anonymous_1)
FN:26,thanks
FNF:3
FNH:1
FNDA:0,(anonymous_0)
FNDA:0,(anonymous_1)
FNDA:2,thanks
DA:4,1
DA:10,0
DA:14,0
DA:20,0
DA:21,0
DA:27,2
DA:28,2
DA:29,2
DA:32,1
LF:9
LH:5
BRF:0
BRH:0
end_of_record
